mode: atomic
github.com/joelee2012/go-nacos/nacos.go:45.32,47.2 1 4
github.com/joelee2012/go-nacos/nacos.go:55.52,62.2 1 29
github.com/joelee2012/go-nacos/nacos.go:64.47,65.20 1 1
github.com/joelee2012/go-nacos/nacos.go:65.20,67.3 1 0
github.com/joelee2012/go-nacos/nacos.go:68.2,70.16 3 1
github.com/joelee2012/go-nacos/nacos.go:70.16,72.3 1 0
github.com/joelee2012/go-nacos/nacos.go:73.2,73.23 1 1
github.com/joelee2012/go-nacos/nacos.go:76.45,77.42 1 30
github.com/joelee2012/go-nacos/nacos.go:77.42,79.3 1 4
github.com/joelee2012/go-nacos/nacos.go:80.2,86.16 7 26
github.com/joelee2012/go-nacos/nacos.go:86.16,88.3 1 1
github.com/joelee2012/go-nacos/nacos.go:89.2,90.27 2 25
github.com/joelee2012/go-nacos/nacos.go:93.58,95.16 2 5
github.com/joelee2012/go-nacos/nacos.go:95.16,97.3 1 0
github.com/joelee2012/go-nacos/nacos.go:98.2,104.24 7 5
github.com/joelee2012/go-nacos/nacos.go:113.60,115.16 2 2
github.com/joelee2012/go-nacos/nacos.go:115.16,117.3 1 0
github.com/joelee2012/go-nacos/nacos.go:118.2,124.28 7 2
github.com/joelee2012/go-nacos/nacos.go:127.51,129.16 2 1
github.com/joelee2012/go-nacos/nacos.go:129.16,131.3 1 0
github.com/joelee2012/go-nacos/nacos.go:132.2,137.16 6 1
github.com/joelee2012/go-nacos/nacos.go:137.16,139.3 1 0
github.com/joelee2012/go-nacos/nacos.go:140.2,141.28 2 1
github.com/joelee2012/go-nacos/nacos.go:144.60,146.16 2 2
github.com/joelee2012/go-nacos/nacos.go:146.16,148.3 1 0
github.com/joelee2012/go-nacos/nacos.go:149.2,156.16 8 2
github.com/joelee2012/go-nacos/nacos.go:156.16,158.3 1 0
github.com/joelee2012/go-nacos/nacos.go:159.2,162.28 3 2
github.com/joelee2012/go-nacos/nacos.go:165.68,167.16 2 2
github.com/joelee2012/go-nacos/nacos.go:167.16,169.3 1 0
github.com/joelee2012/go-nacos/nacos.go:170.2,170.34 1 2
github.com/joelee2012/go-nacos/nacos.go:170.34,171.23 1 2
github.com/joelee2012/go-nacos/nacos.go:171.23,173.4 1 1
github.com/joelee2012/go-nacos/nacos.go:175.2,175.32 1 1
github.com/joelee2012/go-nacos/nacos.go:178.62,180.16 2 1
github.com/joelee2012/go-nacos/nacos.go:180.16,182.3 1 0
github.com/joelee2012/go-nacos/nacos.go:183.2,183.34 1 1
github.com/joelee2012/go-nacos/nacos.go:183.34,184.18 1 1
github.com/joelee2012/go-nacos/nacos.go:184.18,186.4 1 1
github.com/joelee2012/go-nacos/nacos.go:188.2,188.48 1 0
github.com/joelee2012/go-nacos/nacos.go:197.70,199.16 2 1
github.com/joelee2012/go-nacos/nacos.go:199.16,201.3 1 0
github.com/joelee2012/go-nacos/nacos.go:202.2,214.19 12 1
github.com/joelee2012/go-nacos/nacos.go:214.19,216.3 1 0
github.com/joelee2012/go-nacos/nacos.go:217.2,217.20 1 1
github.com/joelee2012/go-nacos/nacos.go:231.76,233.16 2 3
github.com/joelee2012/go-nacos/nacos.go:233.16,235.3 1 0
github.com/joelee2012/go-nacos/nacos.go:236.2,241.26 6 3
github.com/joelee2012/go-nacos/nacos.go:241.26,243.3 1 0
github.com/joelee2012/go-nacos/nacos.go:244.2,244.24 1 3
github.com/joelee2012/go-nacos/nacos.go:244.24,246.3 1 0
github.com/joelee2012/go-nacos/nacos.go:247.2,256.21 10 3
github.com/joelee2012/go-nacos/nacos.go:259.86,262.6 3 2
github.com/joelee2012/go-nacos/nacos.go:262.6,264.17 2 2
github.com/joelee2012/go-nacos/nacos.go:264.17,266.4 1 0
github.com/joelee2012/go-nacos/nacos.go:267.3,268.67 2 2
github.com/joelee2012/go-nacos/nacos.go:268.67,269.9 1 2
github.com/joelee2012/go-nacos/nacos.go:271.3,271.27 1 0
github.com/joelee2012/go-nacos/nacos.go:273.2,273.18 1 2
github.com/joelee2012/go-nacos/nacos.go:276.62,279.16 3 1
github.com/joelee2012/go-nacos/nacos.go:279.16,281.3 1 0
github.com/joelee2012/go-nacos/nacos.go:282.2,282.31 1 1
github.com/joelee2012/go-nacos/nacos.go:282.31,284.17 2 1
github.com/joelee2012/go-nacos/nacos.go:284.17,286.4 1 0
github.com/joelee2012/go-nacos/nacos.go:287.3,287.49 1 1
github.com/joelee2012/go-nacos/nacos.go:289.2,289.19 1 1
github.com/joelee2012/go-nacos/nacos.go:303.58,305.16 2 1
github.com/joelee2012/go-nacos/nacos.go:305.16,307.3 1 0
github.com/joelee2012/go-nacos/nacos.go:308.2,320.28 13 1
github.com/joelee2012/go-nacos/nacos.go:325.58,327.16 2 1
github.com/joelee2012/go-nacos/nacos.go:327.16,329.3 1 0
github.com/joelee2012/go-nacos/nacos.go:330.2,337.16 8 1
github.com/joelee2012/go-nacos/nacos.go:337.16,339.3 1 0
github.com/joelee2012/go-nacos/nacos.go:341.2,342.28 2 1
github.com/joelee2012/go-nacos/nacos.go:345.58,347.16 2 1
github.com/joelee2012/go-nacos/nacos.go:347.16,349.3 1 0
github.com/joelee2012/go-nacos/nacos.go:350.2,355.28 6 1
github.com/joelee2012/go-nacos/nacos.go:358.48,360.16 2 1
github.com/joelee2012/go-nacos/nacos.go:360.16,362.3 1 0
github.com/joelee2012/go-nacos/nacos.go:363.2,368.16 6 1
github.com/joelee2012/go-nacos/nacos.go:368.16,370.3 1 0
github.com/joelee2012/go-nacos/nacos.go:372.2,373.28 2 1
github.com/joelee2012/go-nacos/nacos.go:376.48,378.2 1 2
github.com/joelee2012/go-nacos/nacos.go:380.54,382.16 2 1
github.com/joelee2012/go-nacos/nacos.go:382.16,384.3 1 0
github.com/joelee2012/go-nacos/nacos.go:386.2,386.35 1 1
github.com/joelee2012/go-nacos/nacos.go:386.35,387.24 1 1
github.com/joelee2012/go-nacos/nacos.go:387.24,389.4 1 1
github.com/joelee2012/go-nacos/nacos.go:391.2,391.50 1 0
github.com/joelee2012/go-nacos/nacos.go:394.58,396.16 2 1
github.com/joelee2012/go-nacos/nacos.go:396.16,398.3 1 0
github.com/joelee2012/go-nacos/nacos.go:399.2,404.28 6 1
github.com/joelee2012/go-nacos/nacos.go:407.58,409.16 2 1
github.com/joelee2012/go-nacos/nacos.go:409.16,411.3 1 0
github.com/joelee2012/go-nacos/nacos.go:412.2,418.16 7 1
github.com/joelee2012/go-nacos/nacos.go:418.16,420.3 1 0
github.com/joelee2012/go-nacos/nacos.go:421.2,422.28 2 1
github.com/joelee2012/go-nacos/nacos.go:425.48,427.2 1 2
github.com/joelee2012/go-nacos/nacos.go:429.64,431.16 2 1
github.com/joelee2012/go-nacos/nacos.go:431.16,433.3 1 0
github.com/joelee2012/go-nacos/nacos.go:434.2,435.23 2 1
github.com/joelee2012/go-nacos/nacos.go:435.23,437.3 1 1
github.com/joelee2012/go-nacos/nacos.go:438.2,438.63 1 0
github.com/joelee2012/go-nacos/nacos.go:441.76,443.16 2 1
github.com/joelee2012/go-nacos/nacos.go:443.16,445.3 1 0
github.com/joelee2012/go-nacos/nacos.go:446.2,452.28 7 1
github.com/joelee2012/go-nacos/nacos.go:455.76,457.16 2 1
github.com/joelee2012/go-nacos/nacos.go:457.16,459.3 1 0
github.com/joelee2012/go-nacos/nacos.go:460.2,467.16 8 1
github.com/joelee2012/go-nacos/nacos.go:467.16,469.3 1 0
github.com/joelee2012/go-nacos/nacos.go:470.2,471.28 2 1
github.com/joelee2012/go-nacos/nacos.go:474.60,476.2 1 2
github.com/joelee2012/go-nacos/nacos.go:478.84,480.16 2 1
github.com/joelee2012/go-nacos/nacos.go:480.16,482.3 1 0
github.com/joelee2012/go-nacos/nacos.go:483.2,484.23 2 1
github.com/joelee2012/go-nacos/nacos.go:484.23,486.3 1 1
github.com/joelee2012/go-nacos/nacos.go:487.2,487.74 1 0
github.com/joelee2012/go-nacos/nacos.go:490.45,491.38 1 55
github.com/joelee2012/go-nacos/nacos.go:491.38,493.17 2 1
github.com/joelee2012/go-nacos/nacos.go:493.17,495.4 1 0
github.com/joelee2012/go-nacos/nacos.go:497.3,497.39 1 1
github.com/joelee2012/go-nacos/nacos.go:497.39,499.4 1 1
github.com/joelee2012/go-nacos/nacos.go:500.3,500.69 1 0
github.com/joelee2012/go-nacos/nacos.go:502.2,502.12 1 54
github.com/joelee2012/go-nacos/nacos.go:505.57,506.20 1 13
github.com/joelee2012/go-nacos/nacos.go:506.20,508.3 1 0
github.com/joelee2012/go-nacos/nacos.go:509.2,510.26 2 13
github.com/joelee2012/go-nacos/nacos.go:513.62,514.20 1 42
github.com/joelee2012/go-nacos/nacos.go:514.20,516.3 1 0
github.com/joelee2012/go-nacos/nacos.go:517.2,518.42 2 42
github.com/joelee2012/go-nacos/nacos.go:518.42,520.3 1 1
github.com/joelee2012/go-nacos/nacos.go:521.2,521.45 1 41
github.com/joelee2012/go-nacos/type.go:83.42,84.29 1 2
github.com/joelee2012/go-nacos/type.go:84.29,85.19 1 2
github.com/joelee2012/go-nacos/type.go:85.19,87.4 1 2
github.com/joelee2012/go-nacos/type.go:89.2,89.14 1 0
github.com/joelee2012/go-nacos/type.go:97.93,99.16 2 6
github.com/joelee2012/go-nacos/type.go:99.16,101.3 1 0
github.com/joelee2012/go-nacos/type.go:102.2,108.6 7 6
github.com/joelee2012/go-nacos/type.go:108.6,112.46 4 6
github.com/joelee2012/go-nacos/type.go:112.46,114.4 1 0
github.com/joelee2012/go-nacos/type.go:115.3,116.64 2 6
github.com/joelee2012/go-nacos/type.go:116.64,117.9 1 6
github.com/joelee2012/go-nacos/type.go:119.3,119.48 1 0
github.com/joelee2012/go-nacos/type.go:121.2,121.17 1 6
