mode: atomic
github.com/joelee2012/go-nacos/nacos.go:47.32,49.2 1 19
github.com/joelee2012/go-nacos/nacos.go:88.52,96.2 3 29
github.com/joelee2012/go-nacos/nacos.go:98.56,99.43 1 29
github.com/joelee2012/go-nacos/nacos.go:99.43,102.28 3 31
github.com/joelee2012/go-nacos/nacos.go:102.28,104.4 1 27
github.com/joelee2012/go-nacos/nacos.go:106.2,106.21 1 2
github.com/joelee2012/go-nacos/nacos.go:109.66,110.20 1 33
github.com/joelee2012/go-nacos/nacos.go:110.20,112.3 1 0
github.com/joelee2012/go-nacos/nacos.go:113.2,114.16 2 33
github.com/joelee2012/go-nacos/nacos.go:114.16,116.3 1 0
github.com/joelee2012/go-nacos/nacos.go:117.2,119.16 3 33
github.com/joelee2012/go-nacos/nacos.go:119.16,121.3 1 4
github.com/joelee2012/go-nacos/nacos.go:122.2,122.23 1 29
github.com/joelee2012/go-nacos/nacos.go:125.64,126.42 1 45
github.com/joelee2012/go-nacos/nacos.go:126.42,128.3 1 19
github.com/joelee2012/go-nacos/nacos.go:129.2,134.16 6 26
github.com/joelee2012/go-nacos/nacos.go:134.16,136.3 1 0
github.com/joelee2012/go-nacos/nacos.go:137.2,140.16 4 26
github.com/joelee2012/go-nacos/nacos.go:140.16,142.3 1 1
github.com/joelee2012/go-nacos/nacos.go:143.2,144.27 2 25
github.com/joelee2012/go-nacos/nacos.go:147.77,149.16 2 8
github.com/joelee2012/go-nacos/nacos.go:149.16,151.3 1 0
github.com/joelee2012/go-nacos/nacos.go:152.2,156.16 5 8
github.com/joelee2012/go-nacos/nacos.go:156.16,158.3 1 0
github.com/joelee2012/go-nacos/nacos.go:159.2,162.24 4 8
github.com/joelee2012/go-nacos/nacos.go:171.81,173.16 2 3
github.com/joelee2012/go-nacos/nacos.go:173.16,175.3 1 0
github.com/joelee2012/go-nacos/nacos.go:176.2,182.16 7 3
github.com/joelee2012/go-nacos/nacos.go:182.16,184.3 1 0
github.com/joelee2012/go-nacos/nacos.go:185.2,187.28 3 3
github.com/joelee2012/go-nacos/nacos.go:190.84,192.16 2 2
github.com/joelee2012/go-nacos/nacos.go:192.16,194.3 1 0
github.com/joelee2012/go-nacos/nacos.go:195.2,195.12 1 2
github.com/joelee2012/go-nacos/nacos.go:195.12,197.17 2 2
github.com/joelee2012/go-nacos/nacos.go:197.17,199.4 1 0
github.com/joelee2012/go-nacos/nacos.go:200.3,200.27 1 2
github.com/joelee2012/go-nacos/nacos.go:200.27,202.4 1 0
github.com/joelee2012/go-nacos/nacos.go:204.2,209.16 6 2
github.com/joelee2012/go-nacos/nacos.go:209.16,211.3 1 0
github.com/joelee2012/go-nacos/nacos.go:212.2,213.28 2 2
github.com/joelee2012/go-nacos/nacos.go:216.81,218.16 2 3
github.com/joelee2012/go-nacos/nacos.go:218.16,220.3 1 0
github.com/joelee2012/go-nacos/nacos.go:221.2,230.16 10 3
github.com/joelee2012/go-nacos/nacos.go:230.16,232.3 1 0
github.com/joelee2012/go-nacos/nacos.go:233.2,236.28 3 3
github.com/joelee2012/go-nacos/nacos.go:239.89,241.16 2 2
github.com/joelee2012/go-nacos/nacos.go:241.16,243.3 1 0
github.com/joelee2012/go-nacos/nacos.go:244.2,244.34 1 2
github.com/joelee2012/go-nacos/nacos.go:244.34,245.23 1 2
github.com/joelee2012/go-nacos/nacos.go:245.23,247.4 1 1
github.com/joelee2012/go-nacos/nacos.go:249.2,249.37 1 1
github.com/joelee2012/go-nacos/nacos.go:252.83,254.16 2 2
github.com/joelee2012/go-nacos/nacos.go:254.16,256.3 1 0
github.com/joelee2012/go-nacos/nacos.go:257.2,257.34 1 2
github.com/joelee2012/go-nacos/nacos.go:257.34,258.18 1 2
github.com/joelee2012/go-nacos/nacos.go:258.18,260.4 1 2
github.com/joelee2012/go-nacos/nacos.go:262.2,262.48 1 0
github.com/joelee2012/go-nacos/nacos.go:271.91,273.16 2 2
github.com/joelee2012/go-nacos/nacos.go:273.16,275.3 1 0
github.com/joelee2012/go-nacos/nacos.go:276.2,288.26 13 2
github.com/joelee2012/go-nacos/nacos.go:288.26,290.3 1 1
github.com/joelee2012/go-nacos/nacos.go:290.8,293.3 2 1
github.com/joelee2012/go-nacos/nacos.go:295.2,295.19 1 2
github.com/joelee2012/go-nacos/nacos.go:295.19,297.3 1 0
github.com/joelee2012/go-nacos/nacos.go:298.2,298.22 1 2
github.com/joelee2012/go-nacos/nacos.go:312.97,314.16 2 8
github.com/joelee2012/go-nacos/nacos.go:314.16,316.3 1 0
github.com/joelee2012/go-nacos/nacos.go:317.2,324.26 8 8
github.com/joelee2012/go-nacos/nacos.go:324.26,326.3 1 0
github.com/joelee2012/go-nacos/nacos.go:327.2,327.24 1 8
github.com/joelee2012/go-nacos/nacos.go:327.24,329.3 1 0
github.com/joelee2012/go-nacos/nacos.go:330.2,339.26 10 8
github.com/joelee2012/go-nacos/nacos.go:339.26,341.3 1 4
github.com/joelee2012/go-nacos/nacos.go:341.8,343.3 1 4
github.com/joelee2012/go-nacos/nacos.go:344.2,344.27 1 8
github.com/joelee2012/go-nacos/nacos.go:347.107,350.6 3 6
github.com/joelee2012/go-nacos/nacos.go:350.6,352.17 2 6
github.com/joelee2012/go-nacos/nacos.go:352.17,354.4 1 0
github.com/joelee2012/go-nacos/nacos.go:355.3,356.67 2 6
github.com/joelee2012/go-nacos/nacos.go:356.67,357.9 1 6
github.com/joelee2012/go-nacos/nacos.go:359.3,359.27 1 0
github.com/joelee2012/go-nacos/nacos.go:361.2,361.18 1 6
github.com/joelee2012/go-nacos/nacos.go:364.81,367.16 3 2
github.com/joelee2012/go-nacos/nacos.go:367.16,369.3 1 0
github.com/joelee2012/go-nacos/nacos.go:370.2,370.31 1 2
github.com/joelee2012/go-nacos/nacos.go:370.31,372.17 2 2
github.com/joelee2012/go-nacos/nacos.go:372.17,374.4 1 0
github.com/joelee2012/go-nacos/nacos.go:375.3,375.49 1 2
github.com/joelee2012/go-nacos/nacos.go:377.2,377.19 1 2
github.com/joelee2012/go-nacos/nacos.go:391.79,393.16 2 1
github.com/joelee2012/go-nacos/nacos.go:393.16,395.3 1 0
github.com/joelee2012/go-nacos/nacos.go:396.2,410.16 15 1
github.com/joelee2012/go-nacos/nacos.go:410.16,412.3 1 0
github.com/joelee2012/go-nacos/nacos.go:413.2,415.28 3 1
github.com/joelee2012/go-nacos/nacos.go:420.79,422.16 2 1
github.com/joelee2012/go-nacos/nacos.go:422.16,424.3 1 0
github.com/joelee2012/go-nacos/nacos.go:425.2,434.28 9 1
github.com/joelee2012/go-nacos/nacos.go:437.79,439.16 2 1
github.com/joelee2012/go-nacos/nacos.go:439.16,441.3 1 0
github.com/joelee2012/go-nacos/nacos.go:442.2,447.28 6 1
github.com/joelee2012/go-nacos/nacos.go:450.69,452.16 2 1
github.com/joelee2012/go-nacos/nacos.go:452.16,454.3 1 0
github.com/joelee2012/go-nacos/nacos.go:455.2,459.28 5 1
github.com/joelee2012/go-nacos/nacos.go:462.67,463.26 1 3
github.com/joelee2012/go-nacos/nacos.go:463.26,465.3 1 1
github.com/joelee2012/go-nacos/nacos.go:466.2,466.73 1 2
github.com/joelee2012/go-nacos/nacos.go:469.75,471.16 2 1
github.com/joelee2012/go-nacos/nacos.go:471.16,473.3 1 0
github.com/joelee2012/go-nacos/nacos.go:475.2,475.35 1 1
github.com/joelee2012/go-nacos/nacos.go:475.35,476.24 1 1
github.com/joelee2012/go-nacos/nacos.go:476.24,478.4 1 1
github.com/joelee2012/go-nacos/nacos.go:480.2,480.50 1 0
github.com/joelee2012/go-nacos/nacos.go:483.79,485.16 2 1
github.com/joelee2012/go-nacos/nacos.go:485.16,487.3 1 0
github.com/joelee2012/go-nacos/nacos.go:488.2,493.16 6 1
github.com/joelee2012/go-nacos/nacos.go:493.16,495.3 1 0
github.com/joelee2012/go-nacos/nacos.go:496.2,498.28 3 1
github.com/joelee2012/go-nacos/nacos.go:501.79,503.16 2 1
github.com/joelee2012/go-nacos/nacos.go:503.16,505.3 1 0
github.com/joelee2012/go-nacos/nacos.go:506.2,512.16 7 1
github.com/joelee2012/go-nacos/nacos.go:512.16,514.3 1 0
github.com/joelee2012/go-nacos/nacos.go:515.2,516.28 2 1
github.com/joelee2012/go-nacos/nacos.go:519.67,520.26 1 3
github.com/joelee2012/go-nacos/nacos.go:520.26,522.3 1 1
github.com/joelee2012/go-nacos/nacos.go:523.2,523.73 1 2
github.com/joelee2012/go-nacos/nacos.go:526.85,528.16 2 1
github.com/joelee2012/go-nacos/nacos.go:528.16,530.3 1 0
github.com/joelee2012/go-nacos/nacos.go:531.2,532.23 2 1
github.com/joelee2012/go-nacos/nacos.go:532.23,534.3 1 1
github.com/joelee2012/go-nacos/nacos.go:535.2,535.63 1 0
github.com/joelee2012/go-nacos/nacos.go:538.97,540.16 2 1
github.com/joelee2012/go-nacos/nacos.go:540.16,542.3 1 0
github.com/joelee2012/go-nacos/nacos.go:543.2,549.16 7 1
github.com/joelee2012/go-nacos/nacos.go:549.16,551.3 1 0
github.com/joelee2012/go-nacos/nacos.go:552.2,554.28 3 1
github.com/joelee2012/go-nacos/nacos.go:557.97,559.16 2 1
github.com/joelee2012/go-nacos/nacos.go:559.16,561.3 1 0
github.com/joelee2012/go-nacos/nacos.go:562.2,569.16 8 1
github.com/joelee2012/go-nacos/nacos.go:569.16,571.3 1 0
github.com/joelee2012/go-nacos/nacos.go:572.2,573.28 2 1
github.com/joelee2012/go-nacos/nacos.go:576.79,577.26 1 3
github.com/joelee2012/go-nacos/nacos.go:577.26,579.3 1 1
github.com/joelee2012/go-nacos/nacos.go:580.2,580.79 1 2
github.com/joelee2012/go-nacos/nacos.go:583.105,585.16 2 1
github.com/joelee2012/go-nacos/nacos.go:585.16,587.3 1 0
github.com/joelee2012/go-nacos/nacos.go:588.2,589.23 2 1
github.com/joelee2012/go-nacos/nacos.go:589.23,591.3 1 1
github.com/joelee2012/go-nacos/nacos.go:592.2,592.74 1 0
github.com/joelee2012/go-nacos/nacos.go:595.45,596.38 1 100
github.com/joelee2012/go-nacos/nacos.go:596.38,598.17 2 3
github.com/joelee2012/go-nacos/nacos.go:598.17,600.4 1 0
github.com/joelee2012/go-nacos/nacos.go:602.3,602.39 1 3
github.com/joelee2012/go-nacos/nacos.go:602.39,604.4 1 3
github.com/joelee2012/go-nacos/nacos.go:605.3,605.69 1 0
github.com/joelee2012/go-nacos/nacos.go:607.2,607.12 1 97
github.com/joelee2012/go-nacos/nacos.go:610.57,611.20 1 16
github.com/joelee2012/go-nacos/nacos.go:611.20,613.3 1 0
github.com/joelee2012/go-nacos/nacos.go:614.2,615.26 2 16
github.com/joelee2012/go-nacos/nacos.go:618.129,620.16 2 3
github.com/joelee2012/go-nacos/nacos.go:620.16,622.3 1 0
github.com/joelee2012/go-nacos/nacos.go:624.2,624.19 1 3
github.com/joelee2012/go-nacos/nacos.go:624.19,625.62 1 3
github.com/joelee2012/go-nacos/nacos.go:625.62,627.4 1 2
github.com/joelee2012/go-nacos/nacos.go:627.9,629.19 2 1
github.com/joelee2012/go-nacos/nacos.go:629.19,631.5 1 1
github.com/joelee2012/go-nacos/nacos.go:635.2,635.35 1 3
github.com/joelee2012/go-nacos/nacos.go:638.62,639.20 1 86
github.com/joelee2012/go-nacos/nacos.go:639.20,641.3 1 2
github.com/joelee2012/go-nacos/nacos.go:642.2,643.42 2 84
github.com/joelee2012/go-nacos/nacos.go:643.42,645.3 1 3
github.com/joelee2012/go-nacos/nacos.go:646.2,646.45 1 81
github.com/joelee2012/go-nacos/respones.go:15.40,16.35 1 0
github.com/joelee2012/go-nacos/respones.go:16.35,18.17 2 0
github.com/joelee2012/go-nacos/respones.go:18.17,20.4 1 0
github.com/joelee2012/go-nacos/respones.go:21.3,21.21 1 0
github.com/joelee2012/go-nacos/respones.go:21.21,23.4 1 0
github.com/joelee2012/go-nacos/respones.go:24.3,24.64 1 0
github.com/joelee2012/go-nacos/respones.go:26.2,26.12 1 0
github.com/joelee2012/go-nacos/respones.go:29.39,30.22 1 0
github.com/joelee2012/go-nacos/respones.go:30.22,32.3 1 0
github.com/joelee2012/go-nacos/respones.go:33.2,34.24 2 0
github.com/joelee2012/go-nacos/respones.go:37.40,38.22 1 0
github.com/joelee2012/go-nacos/respones.go:38.22,40.3 1 0
github.com/joelee2012/go-nacos/respones.go:41.2,42.40 2 0
github.com/joelee2012/go-nacos/respones.go:42.40,44.3 1 0
github.com/joelee2012/go-nacos/respones.go:45.2,45.42 1 0
github.com/joelee2012/go-nacos/type.go:65.43,66.19 1 0
github.com/joelee2012/go-nacos/type.go:66.19,68.3 1 0
github.com/joelee2012/go-nacos/type.go:69.2,69.20 1 0
github.com/joelee2012/go-nacos/type.go:72.47,73.20 1 0
github.com/joelee2012/go-nacos/type.go:73.20,75.3 1 0
github.com/joelee2012/go-nacos/type.go:76.2,76.22 1 0
github.com/joelee2012/go-nacos/type.go:106.44,107.31 1 2
github.com/joelee2012/go-nacos/type.go:107.31,108.19 1 2
github.com/joelee2012/go-nacos/type.go:108.19,110.4 1 2
github.com/joelee2012/go-nacos/type.go:112.2,112.14 1 0
github.com/joelee2012/go-nacos/type.go:115.41,117.2 1 0
github.com/joelee2012/go-nacos/type.go:119.33,121.2 1 9
github.com/joelee2012/go-nacos/type.go:123.31,125.2 1 9
github.com/joelee2012/go-nacos/type.go:138.33,140.2 1 6
github.com/joelee2012/go-nacos/type.go:142.43,144.2 1 0
github.com/joelee2012/go-nacos/type.go:146.35,148.2 1 6
github.com/joelee2012/go-nacos/type.go:161.115,163.16 2 9
github.com/joelee2012/go-nacos/type.go:163.16,165.3 1 0
github.com/joelee2012/go-nacos/type.go:166.2,172.6 7 9
github.com/joelee2012/go-nacos/type.go:172.6,176.17 4 9
github.com/joelee2012/go-nacos/type.go:176.17,178.4 1 0
github.com/joelee2012/go-nacos/type.go:179.3,180.49 2 9
github.com/joelee2012/go-nacos/type.go:180.49,182.4 1 0
github.com/joelee2012/go-nacos/type.go:183.3,184.18 2 9
github.com/joelee2012/go-nacos/type.go:184.18,185.9 1 9
github.com/joelee2012/go-nacos/type.go:187.3,187.54 1 0
github.com/joelee2012/go-nacos/type.go:189.2,189.17 1 9
